android/app/build/outputs/mapping/release/seeds.txt
okhttp3.ResponseBody$1
okhttp3.ResponseBody$1: okhttp3.MediaType val$contentType
okhttp3.ResponseBody$1: long val$contentLength
okhttp3.ResponseBody$1: okio.BufferedSource val$content
okhttp3.ResponseBody$1: ResponseBody$1(okhttp3.MediaType,long,okio.BufferedSource)
okhttp3.ResponseBody$1: okhttp3.MediaType contentType()
okhttp3.ResponseBody$1: long contentLength()
okhttp3.ResponseBody$1: okio.BufferedSource source()
okhttp3.ResponseBody$BomAwareReader
okhttp3.ResponseBody$BomAwareReader: okio.BufferedSource source
okhttp3.ResponseBody$BomAwareReader: java.nio.charset.Charset charset
okhttp3.ResponseBody$BomAwareReader: boolean closed
okhttp3.ResponseBody$BomAwareReader: java.io.Reader delegate
okhttp3.ResponseBody$BomAwareReader: ResponseBody$BomAwareReader(okio.BufferedSource,java.nio.charset.Charset)
okhttp3.ResponseBody$BomAwareReader: int read(char[],int,int)
okhttp3.ResponseBody$BomAwareReader: void close()
okhttp3.Route
okhttp3.Route: okhttp3.Address address
okhttp3.Route: java.net.Proxy proxy
okhttp3.Route: java.net.InetSocketAddress inetSocketAddress
okhttp3.Route: Route(okhttp3.Address,java.net.Proxy,java.net.InetSocketAddress)
okhttp3.Route: okhttp3.Address address()
okhttp3.Route: java.net.Proxy proxy()
okhttp3.Route: java.net.InetSocketAddress socketAddress()
okhttp3.Route: boolean requiresTunnel()
okhttp3.Route: boolean equals(java.lang.Object)
okhttp3.Route: int hashCode()
okhttp3.Route: java.lang.String toString()
okhttp3.TlsVersion
okhttp3.TlsVersion: okhttp3.TlsVersion TLS_1_3
okhttp3.TlsVersion: okhttp3.TlsVersion TLS_1_2
okhttp3.TlsVersion: okhttp3.TlsVersion TLS_1_1
okhttp3.TlsVersion: okhttp3.TlsVersion TLS_1_0
okhttp3.TlsVersion: okhttp3.TlsVersion SSL_3_0
okhttp3.TlsVersion: java.lang.String javaName
okhttp3.TlsVersion: okhttp3.TlsVersion[] $VALUES
okhttp3.TlsVersion: okhttp3.TlsVersion[] values()
okhttp3.TlsVersion: okhttp3.TlsVersion valueOf(java.lang.String)
okhttp3.TlsVersion: TlsVersion(java.lang.String,int,java.lang.String)
okhttp3.TlsVersion: okhttp3.TlsVersion forJavaName(java.lang.String)
okhttp3.TlsVersion: java.util.List forJavaNames(java.lang.String[])
okhttp3.TlsVersion: java.lang.String javaName()
okhttp3.TlsVersion: void <clinit>()
okhttp3.WebSocket
okhttp3.WebSocket: okhttp3.Request request()
okhttp3.WebSocket: long queueSize()
okhttp3.WebSocket: boolean send(java.lang.String)
okhttp3.WebSocket: boolean send(okio.ByteString)
okhttp3.WebSocket: boolean close(int,java.lang.String)
okhttp3.WebSocket: void cancel()
okhttp3.WebSocket$Factory
okhttp3.WebSocket$Factory: okhttp3.WebSocket newWebSocket(okhttp3.Request,okhttp3.WebSocketListener)
okhttp3.WebSocketListener
okhttp3.WebSocketListener: WebSocketListener()
okhttp3.WebSocketListener: void onOpen(okhttp3.WebSocket,okhttp3.Response)
okhttp3.WebSocketListener: void onMessage(okhttp3.WebSocket,java.lang.String)
okhttp3.WebSocketListener: void onMessage(okhttp3.WebSocket,okio.ByteString)
okhttp3.WebSocketListener: void onClosing(okhttp3.WebSocket,int,java.lang.String)
okhttp3.WebSocketListener: void onClosed(okhttp3.WebSocket,int,java.lang.String)
okhttp3.WebSocketListener: void onFailure(okhttp3.WebSocket,java.lang.Throwable,okhttp3.Response)