android/app/build/outputs/mapping/release/usage.txt
com.google.firebase.dynamiclinks.internal.zzi
com.google.firebase.dynamiclinks.internal.zzj
com.google.firebase.dynamiclinks.internal.zzk
com.google.firebase.dynamiclinks.internal.zzl
com.google.firebase.dynamiclinks.internal.zzm
com.google.firebase.dynamiclinks.internal.zzn
com.google.firebase.dynamiclinks.internal.zzo:
    public abstract void zza(com.google.firebase.dynamiclinks.internal.zzm,java.lang.String)
    public abstract void zza(com.google.firebase.dynamiclinks.internal.zzm,android.os.Bundle)
com.google.firebase.dynamiclinks.internal.zzp:
    3:7:public final void zza(com.google.firebase.dynamiclinks.internal.zzm,java.lang.String)
    8:12:public final void zza(com.google.firebase.dynamiclinks.internal.zzm,android.os.Bundle)
com.google.firebase.dynamiclinks.internal.zzq
com.google.firebase.dynamiclinks.internal.zzr
com.google.firebase.dynamiclinks.internal.zzs
com.google.firebase.dynamiclinks.internal.zzt
com.google.firebase.dynamiclinks.zza
com.google.firebase.events.Event:
    34:37:public Event(java.lang.Class,java.lang.Object)
com.google.firebase.events.Publisher:
    public abstract void publish(com.google.firebase.events.Event)
com.google.firebase.events.Subscriber:
    public abstract void unsubscribe(java.lang.Class,com.google.firebase.events.EventHandler)
com.google.firebase.firebase_core.R
com.google.firebase.iid.FirebaseInstanceId:
    61:61:public long getCreationTime()
    62:62:public com.google.android.gms.tasks.Task getInstanceId()
    67:72:public void deleteInstanceId()
    73:76:public java.lang.String getToken()
    95:103:public void deleteToken(java.lang.String,java.lang.String)
    104:106:public final synchronized com.google.android.gms.tasks.Task zza(java.lang.String)
    141:141:public final boolean zzr()
    142:143:public final void zzb(boolean)
com.google.firebase.iid.FirebaseInstanceId$zza:
    13:25:final synchronized void setEnabled(boolean)
com.google.firebase.iid.InstanceIdResult:
    public abstract java.lang.String getId()
com.google.firebase.iid.MessagingChannel:
    public abstract com.google.android.gms.tasks.Task deleteToken(java.lang.String,java.lang.String,java.lang.String,java.lang.String)
    public abstract com.google.android.gms.tasks.Task deleteInstanceId(java.lang.String)
    public abstract com.google.android.gms.tasks.Task ackMessage(java.lang.String)
com.google.firebase.iid.R
com.google.firebase.iid.Registrar$zza:
    4:4:public final java.lang.String getId()
    5:5:public final java.lang.String getToken()
com.google.firebase.iid.internal.FirebaseInstanceIdInternal:
    public abstract java.lang.String getId()
    public abstract java.lang.String getToken()
com.google.firebase.iid.internal.R
com.google.firebase.iid.zzab:
    11:11:public final com.google.android.gms.tasks.Task zza(int,android.os.Bundle)
com.google.firebase.iid.zzaj
com.google.firebase.iid.zzav:
    10:11:public static android.app.PendingIntent zza(android.content.Context,int,android.content.Intent,int)
    20:20:public final android.content.Intent zzaj()
com.google.firebase.iid.zzaw:
    40:44:public final synchronized void zzc(java.lang.String,java.lang.String,java.lang.String)
com.google.firebase.iid.zzba:
    6:17:final synchronized com.google.android.gms.tasks.Task zza(java.lang.String)
com.google.firebase.iid.zzr:
    17:20:public final com.google.android.gms.tasks.Task deleteToken(java.lang.String,java.lang.String,java.lang.String,java.lang.String)
    21:25:public final com.google.android.gms.tasks.Task deleteInstanceId(java.lang.String)
    26:26:public final com.google.android.gms.tasks.Task ackMessage(java.lang.String)
com.google.firebase.iid.zzx:
    5:5:public final java.lang.String getId()
com.google.firebase.iid.zzz:
    6:6:final long getCreationTime()
com.google.firebase.internal.FirebaseAppHelper
com.google.firebase.internal.InternalTokenProvider
com.google.firebase.internal.InternalTokenResult